2014/09/03 21:16:02 [error] [system.db.CDbCommand] CDbCommand::fetchAll() failed: SQLSTATE[42S02]: Base table or view not found: 1146 Table 'test.tbl_migration' doesn't exist. The SQL statement executed was: SHOW FULL COLUMNS FROM `tbl_migration`.
2014/09/03 21:16:04 [error] [system.db.CDbCommand] CDbCommand::execute() failed: SQLSTATE[42000]: Syntax error or access violation: 1075 Incorrect table definition; there can be only one auto column and it must be defined as a key. The SQL statement executed was: CREATE TABLE `messages` (
	`id` int NOT NULL AUTO_INCREMENT,
	`username` tinyint(1) NOT NULL DEFAULT 1,
	`email` varchar(255),
	`text` text NOT NULL
) ENGINE=InnoDB CHARSET=utf8.
2014/09/03 21:16:04 [error] [exception.CDbException] exception 'CDbException' with message 'CDbCommand failed to execute the SQL statement: SQLSTATE[42000]: Syntax error or access violation: 1075 Incorrect table definition; there can be only one auto column and it must be defined as a key. The SQL statement executed was: CREATE TABLE `messages` (
	`id` int NOT NULL AUTO_INCREMENT,
	`username` tinyint(1) NOT NULL DEFAULT 1,
	`email` varchar(255),
	`text` text NOT NULL
) ENGINE=InnoDB CHARSET=utf8' in /home/egorvakh/projects/test/www/framework/db/CDbCommand.php:358
Stack trace:
#0 /home/egorvakh/projects/test/www/framework/db/CDbCommand.php(1324): CDbCommand->execute()
#1 /home/egorvakh/projects/test/www/framework/db/CDbMigration.php(233): CDbCommand->createTable('messages', Array, 'ENGINE=InnoDB C...')
#2 /home/egorvakh/projects/test/www/protected/migrations/m140903_160352_messages.php(12): CDbMigration->createTable('messages', Array, 'ENGINE=InnoDB C...')
#3 /home/egorvakh/projects/test/www/framework/cli/commands/MigrateCommand.php(385): m140903_160352_messages->up()
#4 /home/egorvakh/projects/test/www/framework/cli/commands/MigrateCommand.php(109): MigrateCommand->migrateUp('m140903_160352_...')
#5 [internal function]: MigrateCommand->actionUp(Array)
#6 /home/egorvakh/projects/test/www/framework/console/CConsoleCommand.php(172): ReflectionMethod->invokeArgs(Object(MigrateCommand), Array)
#7 /home/egorvakh/projects/test/www/framework/console/CConsoleCommandRunner.php(71): CConsoleCommand->run(Array)
#8 /home/egorvakh/projects/test/www/framework/console/CConsoleApplication.php(92): CConsoleCommandRunner->run(Array)
#9 /home/egorvakh/projects/test/www/framework/base/CApplication.php(180): CConsoleApplication->processRequest()
#10 /home/egorvakh/projects/test/www/framework/yiic.php(33): CApplication->run()
#11 /home/egorvakh/projects/test/www/protected/yiic.php(7): require_once('/home/egorvakh/...')
#12 /home/egorvakh/projects/test/www/protected/yiic(4): require_once('/home/egorvakh/...')
#13 {main}
---
2014/09/03 21:17:49 [error] [system.db.CDbCommand] CDbCommand::execute() failed: SQLSTATE[42000]: Syntax error or access violation: 1075 Incorrect table definition; there can be only one auto column and it must be defined as a key. The SQL statement executed was: CREATE TABLE `messages` (
	`id` int NOT NULL AUTO_INCREMENT,
	`username` varchar(255) NOT NULL,
	`email` varchar(255),
	`text` text NOT NULL
) ENGINE=InnoDB CHARSET=utf8.
2014/09/03 21:17:49 [error] [exception.CDbException] exception 'CDbException' with message 'CDbCommand failed to execute the SQL statement: SQLSTATE[42000]: Syntax error or access violation: 1075 Incorrect table definition; there can be only one auto column and it must be defined as a key. The SQL statement executed was: CREATE TABLE `messages` (
	`id` int NOT NULL AUTO_INCREMENT,
	`username` varchar(255) NOT NULL,
	`email` varchar(255),
	`text` text NOT NULL
) ENGINE=InnoDB CHARSET=utf8' in /home/egorvakh/projects/test/www/framework/db/CDbCommand.php:358
Stack trace:
#0 /home/egorvakh/projects/test/www/framework/db/CDbCommand.php(1324): CDbCommand->execute()
#1 /home/egorvakh/projects/test/www/framework/db/CDbMigration.php(233): CDbCommand->createTable('messages', Array, 'ENGINE=InnoDB C...')
#2 /home/egorvakh/projects/test/www/protected/migrations/m140903_160352_messages.php(12): CDbMigration->createTable('messages', Array, 'ENGINE=InnoDB C...')
#3 /home/egorvakh/projects/test/www/framework/cli/commands/MigrateCommand.php(385): m140903_160352_messages->up()
#4 /home/egorvakh/projects/test/www/framework/cli/commands/MigrateCommand.php(109): MigrateCommand->migrateUp('m140903_160352_...')
#5 [internal function]: MigrateCommand->actionUp(Array)
#6 /home/egorvakh/projects/test/www/framework/console/CConsoleCommand.php(172): ReflectionMethod->invokeArgs(Object(MigrateCommand), Array)
#7 /home/egorvakh/projects/test/www/framework/console/CConsoleCommandRunner.php(71): CConsoleCommand->run(Array)
#8 /home/egorvakh/projects/test/www/framework/console/CConsoleApplication.php(92): CConsoleCommandRunner->run(Array)
#9 /home/egorvakh/projects/test/www/framework/base/CApplication.php(180): CConsoleApplication->processRequest()
#10 /home/egorvakh/projects/test/www/framework/yiic.php(33): CApplication->run()
#11 /home/egorvakh/projects/test/www/protected/yiic.php(7): require_once('/home/egorvakh/...')
#12 /home/egorvakh/projects/test/www/protected/yiic(4): require_once('/home/egorvakh/...')
#13 {main}
---
2014/09/03 21:18:09 [error] [system.db.CDbCommand] CDbCommand::execute() failed: SQLSTATE[42000]: Syntax error or access violation: 1075 Incorrect table definition; there can be only one auto column and it must be defined as a key. The SQL statement executed was: CREATE TABLE `message` (
	`id` int NOT NULL AUTO_INCREMENT,
	`username` varchar(255) NOT NULL,
	`email` varchar(255),
	`text` text NOT NULL
) ENGINE=InnoDB CHARSET=utf8.
2014/09/03 21:18:09 [error] [exception.CDbException] exception 'CDbException' with message 'CDbCommand failed to execute the SQL statement: SQLSTATE[42000]: Syntax error or access violation: 1075 Incorrect table definition; there can be only one auto column and it must be defined as a key. The SQL statement executed was: CREATE TABLE `message` (
	`id` int NOT NULL AUTO_INCREMENT,
	`username` varchar(255) NOT NULL,
	`email` varchar(255),
	`text` text NOT NULL
) ENGINE=InnoDB CHARSET=utf8' in /home/egorvakh/projects/test/www/framework/db/CDbCommand.php:358
Stack trace:
#0 /home/egorvakh/projects/test/www/framework/db/CDbCommand.php(1324): CDbCommand->execute()
#1 /home/egorvakh/projects/test/www/framework/db/CDbMigration.php(233): CDbCommand->createTable('message', Array, 'ENGINE=InnoDB C...')
#2 /home/egorvakh/projects/test/www/protected/migrations/m140903_160352_messages.php(12): CDbMigration->createTable('message', Array, 'ENGINE=InnoDB C...')
#3 /home/egorvakh/projects/test/www/framework/cli/commands/MigrateCommand.php(385): m140903_160352_messages->up()
#4 /home/egorvakh/projects/test/www/framework/cli/commands/MigrateCommand.php(109): MigrateCommand->migrateUp('m140903_160352_...')
#5 [internal function]: MigrateCommand->actionUp(Array)
#6 /home/egorvakh/projects/test/www/framework/console/CConsoleCommand.php(172): ReflectionMethod->invokeArgs(Object(MigrateCommand), Array)
#7 /home/egorvakh/projects/test/www/framework/console/CConsoleCommandRunner.php(71): CConsoleCommand->run(Array)
#8 /home/egorvakh/projects/test/www/framework/console/CConsoleApplication.php(92): CConsoleCommandRunner->run(Array)
#9 /home/egorvakh/projects/test/www/framework/base/CApplication.php(180): CConsoleApplication->processRequest()
#10 /home/egorvakh/projects/test/www/framework/yiic.php(33): CApplication->run()
#11 /home/egorvakh/projects/test/www/protected/yiic.php(7): require_once('/home/egorvakh/...')
#12 /home/egorvakh/projects/test/www/protected/yiic(4): require_once('/home/egorvakh/...')
#13 {main}
---
2014/09/03 22:12:28 [error] [exception.CHttpException.404] exception 'CHttpException' with message 'Unable to resolve the request "js/angular.min.js.map".' in /home/egorvakh/projects/test/www/framework/web/CWebApplication.php:286
Stack trace:
#0 /home/egorvakh/projects/test/www/framework/web/CWebApplication.php(141): CWebApplication->runController('js/angular.min....')
#1 /home/egorvakh/projects/test/www/framework/base/CApplication.php(180): CWebApplication->processRequest()
#2 /home/egorvakh/projects/test/www/index.php(13): CApplication->run()
#3 {main}
REQUEST_URI=/js/angular.min.js.map
HTTP_REFERER=http://test.dev/
---
2014/09/03 22:13:30 [error] [exception.CHttpException.404] exception 'CHttpException' with message 'Unable to resolve the request "js/angular.min.js.map".' in /home/egorvakh/projects/test/www/framework/web/CWebApplication.php:286
Stack trace:
#0 /home/egorvakh/projects/test/www/framework/web/CWebApplication.php(141): CWebApplication->runController('js/angular.min....')
#1 /home/egorvakh/projects/test/www/framework/base/CApplication.php(180): CWebApplication->processRequest()
#2 /home/egorvakh/projects/test/www/index.php(13): CApplication->run()
#3 {main}
REQUEST_URI=/js/angular.min.js.map
HTTP_REFERER=http://test.dev/
---
2014/09/03 22:13:31 [error] [exception.CHttpException.404] exception 'CHttpException' with message 'Unable to resolve the request "js/angular.min.js.map".' in /home/egorvakh/projects/test/www/framework/web/CWebApplication.php:286
Stack trace:
#0 /home/egorvakh/projects/test/www/framework/web/CWebApplication.php(141): CWebApplication->runController('js/angular.min....')
#1 /home/egorvakh/projects/test/www/framework/base/CApplication.php(180): CWebApplication->processRequest()
#2 /home/egorvakh/projects/test/www/index.php(13): CApplication->run()
#3 {main}
REQUEST_URI=/js/angular.min.js.map
HTTP_REFERER=http://test.dev/
---
2014/09/03 22:15:39 [error] [exception.CHttpException.404] exception 'CHttpException' with message 'Unable to resolve the request "js/angular.min.js.map".' in /home/egorvakh/projects/test/www/framework/web/CWebApplication.php:286
Stack trace:
#0 /home/egorvakh/projects/test/www/framework/web/CWebApplication.php(141): CWebApplication->runController('js/angular.min....')
#1 /home/egorvakh/projects/test/www/framework/base/CApplication.php(180): CWebApplication->processRequest()
#2 /home/egorvakh/projects/test/www/index.php(13): CApplication->run()
#3 {main}
REQUEST_URI=/js/angular.min.js.map
HTTP_REFERER=http://test.dev/
---
2014/09/03 22:16:08 [error] [exception.CHttpException.404] exception 'CHttpException' with message 'Unable to resolve the request "js/angular.min.js.map".' in /home/egorvakh/projects/test/www/framework/web/CWebApplication.php:286
Stack trace:
#0 /home/egorvakh/projects/test/www/framework/web/CWebApplication.php(141): CWebApplication->runController('js/angular.min....')
#1 /home/egorvakh/projects/test/www/framework/base/CApplication.php(180): CWebApplication->processRequest()
#2 /home/egorvakh/projects/test/www/index.php(13): CApplication->run()
#3 {main}
REQUEST_URI=/js/angular.min.js.map
HTTP_REFERER=http://test.dev/
---
2014/09/03 23:52:41 [error] [exception.CHttpException.404] exception 'CHttpException' with message 'The system is unable to find the requested action "captcha".' in /home/egorvakh/projects/test/www/framework/web/CController.php:483
Stack trace:
#0 /home/egorvakh/projects/test/www/framework/web/CController.php(270): CController->missingAction('captcha')
#1 /home/egorvakh/projects/test/www/framework/web/CWebApplication.php(282): CController->run('captcha')
#2 /home/egorvakh/projects/test/www/framework/web/CWebApplication.php(141): CWebApplication->runController('message/captcha')
#3 /home/egorvakh/projects/test/www/framework/base/CApplication.php(180): CWebApplication->processRequest()
#4 /home/egorvakh/projects/test/www/index.php(13): CApplication->run()
#5 {main}
REQUEST_URI=/index.php/message/captcha?v=540771887e211
HTTP_REFERER=http://test.dev/
---
2014/09/03 23:52:42 [error] [exception.CHttpException.404] exception 'CHttpException' with message 'The system is unable to find the requested action "captcha".' in /home/egorvakh/projects/test/www/framework/web/CController.php:483
Stack trace:
#0 /home/egorvakh/projects/test/www/framework/web/CController.php(270): CController->missingAction('captcha')
#1 /home/egorvakh/projects/test/www/framework/web/CWebApplication.php(282): CController->run('captcha')
#2 /home/egorvakh/projects/test/www/framework/web/CWebApplication.php(141): CWebApplication->runController('message/captcha')
#3 /home/egorvakh/projects/test/www/framework/base/CApplication.php(180): CWebApplication->processRequest()
#4 /home/egorvakh/projects/test/www/index.php(13): CApplication->run()
#5 {main}
REQUEST_URI=/index.php/message/captcha?v=54077189db870
HTTP_REFERER=http://test.dev/
---
2014/09/03 23:53:14 [error] [exception.CHttpException.404] exception 'CHttpException' with message 'The system is unable to find the requested action "captcha".' in /home/egorvakh/projects/test/www/framework/web/CController.php:483
Stack trace:
#0 /home/egorvakh/projects/test/www/framework/web/CController.php(270): CController->missingAction('captcha')
#1 /home/egorvakh/projects/test/www/framework/web/CWebApplication.php(282): CController->run('captcha')
#2 /home/egorvakh/projects/test/www/framework/web/CWebApplication.php(141): CWebApplication->runController('message/captcha')
#3 /home/egorvakh/projects/test/www/framework/base/CApplication.php(180): CWebApplication->processRequest()
#4 /home/egorvakh/projects/test/www/index.php(13): CApplication->run()
#5 {main}
REQUEST_URI=/index.php/message/captcha?refresh=1&_=1410417299554
HTTP_REFERER=http://test.dev/
---
2014/09/03 23:53:15 [error] [exception.CHttpException.404] exception 'CHttpException' with message 'The system is unable to find the requested action "captcha".' in /home/egorvakh/projects/test/www/framework/web/CController.php:483
Stack trace:
#0 /home/egorvakh/projects/test/www/framework/web/CController.php(270): CController->missingAction('captcha')
#1 /home/egorvakh/projects/test/www/framework/web/CWebApplication.php(282): CController->run('captcha')
#2 /home/egorvakh/projects/test/www/framework/web/CWebApplication.php(141): CWebApplication->runController('message/captcha')
#3 /home/egorvakh/projects/test/www/framework/base/CApplication.php(180): CWebApplication->processRequest()
#4 /home/egorvakh/projects/test/www/index.php(13): CApplication->run()
#5 {main}
REQUEST_URI=/index.php/message/captcha?refresh=1&_=1410417299555
HTTP_REFERER=http://test.dev/
---
2014/09/03 23:53:16 [error] [exception.CHttpException.404] exception 'CHttpException' with message 'The system is unable to find the requested action "captcha".' in /home/egorvakh/projects/test/www/framework/web/CController.php:483
Stack trace:
#0 /home/egorvakh/projects/test/www/framework/web/CController.php(270): CController->missingAction('captcha')
#1 /home/egorvakh/projects/test/www/framework/web/CWebApplication.php(282): CController->run('captcha')
#2 /home/egorvakh/projects/test/www/framework/web/CWebApplication.php(141): CWebApplication->runController('message/captcha')
#3 /home/egorvakh/projects/test/www/framework/base/CApplication.php(180): CWebApplication->processRequest()
#4 /home/egorvakh/projects/test/www/index.php(13): CApplication->run()
#5 {main}
REQUEST_URI=/index.php/message/captcha?refresh=1&_=1410417299556
HTTP_REFERER=http://test.dev/
---
2014/09/04 00:18:03 [error] [exception.CHttpException.404] exception 'CHttpException' with message 'The system is unable to find the requested action "GetModelsByPage".' in /home/egorvakh/projects/test/www/framework/web/CController.php:483
Stack trace:
#0 /home/egorvakh/projects/test/www/framework/web/CController.php(270): CController->missingAction('GetModelsByPage')
#1 /home/egorvakh/projects/test/www/framework/web/CWebApplication.php(282): CController->run('GetModelsByPage')
#2 /home/egorvakh/projects/test/www/framework/web/CWebApplication.php(141): CWebApplication->runController('message/GetMode...')
#3 /home/egorvakh/projects/test/www/framework/base/CApplication.php(180): CWebApplication->processRequest()
#4 /home/egorvakh/projects/test/www/index.php(13): CApplication->run()
#5 {main}
REQUEST_URI=/message/GetModelsByPage
---
2014/09/04 00:18:22 [error] [exception.CHttpException.404] exception 'CHttpException' with message 'The system is unable to find the requested action "GetModelsByPage".' in /home/egorvakh/projects/test/www/framework/web/CController.php:483
Stack trace:
#0 /home/egorvakh/projects/test/www/framework/web/CController.php(270): CController->missingAction('GetModelsByPage')
#1 /home/egorvakh/projects/test/www/framework/web/CWebApplication.php(282): CController->run('GetModelsByPage')
#2 /home/egorvakh/projects/test/www/framework/web/CWebApplication.php(141): CWebApplication->runController('message/GetMode...')
#3 /home/egorvakh/projects/test/www/framework/base/CApplication.php(180): CWebApplication->processRequest()
#4 /home/egorvakh/projects/test/www/index.php(13): CApplication->run()
#5 {main}
REQUEST_URI=/message/GetModelsByPage/1
---
2014/09/04 00:18:23 [error] [exception.CHttpException.404] exception 'CHttpException' with message 'The system is unable to find the requested action "GetModelsByPage".' in /home/egorvakh/projects/test/www/framework/web/CController.php:483
Stack trace:
#0 /home/egorvakh/projects/test/www/framework/web/CController.php(270): CController->missingAction('GetModelsByPage')
#1 /home/egorvakh/projects/test/www/framework/web/CWebApplication.php(282): CController->run('GetModelsByPage')
#2 /home/egorvakh/projects/test/www/framework/web/CWebApplication.php(141): CWebApplication->runController('message/GetMode...')
#3 /home/egorvakh/projects/test/www/framework/base/CApplication.php(180): CWebApplication->processRequest()
#4 /home/egorvakh/projects/test/www/index.php(13): CApplication->run()
#5 {main}
REQUEST_URI=/message/GetModelsByPage/1
---
2014/09/04 00:18:23 [error] [exception.CHttpException.404] exception 'CHttpException' with message 'The system is unable to find the requested action "GetModelsByPage".' in /home/egorvakh/projects/test/www/framework/web/CController.php:483
Stack trace:
#0 /home/egorvakh/projects/test/www/framework/web/CController.php(270): CController->missingAction('GetModelsByPage')
#1 /home/egorvakh/projects/test/www/framework/web/CWebApplication.php(282): CController->run('GetModelsByPage')
#2 /home/egorvakh/projects/test/www/framework/web/CWebApplication.php(141): CWebApplication->runController('message/GetMode...')
#3 /home/egorvakh/projects/test/www/framework/base/CApplication.php(180): CWebApplication->processRequest()
#4 /home/egorvakh/projects/test/www/index.php(13): CApplication->run()
#5 {main}
REQUEST_URI=/message/GetModelsByPage/1
---
2014/09/04 00:18:23 [error] [exception.CHttpException.404] exception 'CHttpException' with message 'The system is unable to find the requested action "GetModelsByPage".' in /home/egorvakh/projects/test/www/framework/web/CController.php:483
Stack trace:
#0 /home/egorvakh/projects/test/www/framework/web/CController.php(270): CController->missingAction('GetModelsByPage')
#1 /home/egorvakh/projects/test/www/framework/web/CWebApplication.php(282): CController->run('GetModelsByPage')
#2 /home/egorvakh/projects/test/www/framework/web/CWebApplication.php(141): CWebApplication->runController('message/GetMode...')
#3 /home/egorvakh/projects/test/www/framework/base/CApplication.php(180): CWebApplication->processRequest()
#4 /home/egorvakh/projects/test/www/index.php(13): CApplication->run()
#5 {main}
REQUEST_URI=/message/GetModelsByPage/1
---
2014/09/04 00:18:24 [error] [exception.CHttpException.404] exception 'CHttpException' with message 'The system is unable to find the requested action "GetModelsByPage".' in /home/egorvakh/projects/test/www/framework/web/CController.php:483
Stack trace:
#0 /home/egorvakh/projects/test/www/framework/web/CController.php(270): CController->missingAction('GetModelsByPage')
#1 /home/egorvakh/projects/test/www/framework/web/CWebApplication.php(282): CController->run('GetModelsByPage')
#2 /home/egorvakh/projects/test/www/framework/web/CWebApplication.php(141): CWebApplication->runController('message/GetMode...')
#3 /home/egorvakh/projects/test/www/framework/base/CApplication.php(180): CWebApplication->processRequest()
#4 /home/egorvakh/projects/test/www/index.php(13): CApplication->run()
#5 {main}
REQUEST_URI=/message/GetModelsByPage/1
---
2014/09/04 00:18:24 [error] [exception.CHttpException.404] exception 'CHttpException' with message 'The system is unable to find the requested action "GetModelsByPage".' in /home/egorvakh/projects/test/www/framework/web/CController.php:483
Stack trace:
#0 /home/egorvakh/projects/test/www/framework/web/CController.php(270): CController->missingAction('GetModelsByPage')
#1 /home/egorvakh/projects/test/www/framework/web/CWebApplication.php(282): CController->run('GetModelsByPage')
#2 /home/egorvakh/projects/test/www/framework/web/CWebApplication.php(141): CWebApplication->runController('message/GetMode...')
#3 /home/egorvakh/projects/test/www/framework/base/CApplication.php(180): CWebApplication->processRequest()
#4 /home/egorvakh/projects/test/www/index.php(13): CApplication->run()
#5 {main}
REQUEST_URI=/message/GetModelsByPage/1
---
2014/09/04 00:19:11 [error] [exception.CHttpException.400] exception 'CHttpException' with message 'Your request is invalid.' in /home/egorvakh/projects/test/www/framework/web/CController.php:336
Stack trace:
#0 /home/egorvakh/projects/test/www/framework/web/CController.php(309): CController->invalidActionParams(Object(CInlineAction))
#1 /home/egorvakh/projects/test/www/framework/web/filters/CFilterChain.php(133): CController->runAction(Object(CInlineAction))
#2 /home/egorvakh/projects/test/www/framework/web/filters/CFilter.php(40): CFilterChain->run()
#3 /home/egorvakh/projects/test/www/framework/web/CController.php(1145): CFilter->filter(Object(CFilterChain))
#4 /home/egorvakh/projects/test/www/framework/web/filters/CInlineFilter.php(58): CController->filterAccessControl(Object(CFilterChain))
#5 /home/egorvakh/projects/test/www/framework/web/filters/CFilterChain.php(130): CInlineFilter->filter(Object(CFilterChain))
#6 /home/egorvakh/projects/test/www/framework/web/CController.php(291): CFilterChain->run()
#7 /home/egorvakh/projects/test/www/framework/web/CController.php(265): CController->runActionWithFilters(Object(CInlineAction), Array)
#8 /home/egorvakh/projects/test/www/framework/web/CWebApplication.php(282): CController->run('GetModelsByPage')
#9 /home/egorvakh/projects/test/www/framework/web/CWebApplication.php(141): CWebApplication->runController('message/GetMode...')
#10 /home/egorvakh/projects/test/www/framework/base/CApplication.php(180): CWebApplication->processRequest()
#11 /home/egorvakh/projects/test/www/index.php(13): CApplication->run()
#12 {main}
REQUEST_URI=/message/GetModelsByPage/1
---
2014/09/04 00:19:11 [error] [exception.CHttpException.400] exception 'CHttpException' with message 'Your request is invalid.' in /home/egorvakh/projects/test/www/framework/web/CController.php:336
Stack trace:
#0 /home/egorvakh/projects/test/www/framework/web/CController.php(309): CController->invalidActionParams(Object(CInlineAction))
#1 /home/egorvakh/projects/test/www/framework/web/filters/CFilterChain.php(133): CController->runAction(Object(CInlineAction))
#2 /home/egorvakh/projects/test/www/framework/web/filters/CFilter.php(40): CFilterChain->run()
#3 /home/egorvakh/projects/test/www/framework/web/CController.php(1145): CFilter->filter(Object(CFilterChain))
#4 /home/egorvakh/projects/test/www/framework/web/filters/CInlineFilter.php(58): CController->filterAccessControl(Object(CFilterChain))
#5 /home/egorvakh/projects/test/www/framework/web/filters/CFilterChain.php(130): CInlineFilter->filter(Object(CFilterChain))
#6 /home/egorvakh/projects/test/www/framework/web/CController.php(291): CFilterChain->run()
#7 /home/egorvakh/projects/test/www/framework/web/CController.php(265): CController->runActionWithFilters(Object(CInlineAction), Array)
#8 /home/egorvakh/projects/test/www/framework/web/CWebApplication.php(282): CController->run('GetModelsByPage')
#9 /home/egorvakh/projects/test/www/framework/web/CWebApplication.php(141): CWebApplication->runController('message/GetMode...')
#10 /home/egorvakh/projects/test/www/framework/base/CApplication.php(180): CWebApplication->processRequest()
#11 /home/egorvakh/projects/test/www/index.php(13): CApplication->run()
#12 {main}
REQUEST_URI=/message/GetModelsByPage/1
---
2014/09/04 00:19:12 [error] [exception.CHttpException.400] exception 'CHttpException' with message 'Your request is invalid.' in /home/egorvakh/projects/test/www/framework/web/CController.php:336
Stack trace:
#0 /home/egorvakh/projects/test/www/framework/web/CController.php(309): CController->invalidActionParams(Object(CInlineAction))
#1 /home/egorvakh/projects/test/www/framework/web/filters/CFilterChain.php(133): CController->runAction(Object(CInlineAction))
#2 /home/egorvakh/projects/test/www/framework/web/filters/CFilter.php(40): CFilterChain->run()
#3 /home/egorvakh/projects/test/www/framework/web/CController.php(1145): CFilter->filter(Object(CFilterChain))
#4 /home/egorvakh/projects/test/www/framework/web/filters/CInlineFilter.php(58): CController->filterAccessControl(Object(CFilterChain))
#5 /home/egorvakh/projects/test/www/framework/web/filters/CFilterChain.php(130): CInlineFilter->filter(Object(CFilterChain))
#6 /home/egorvakh/projects/test/www/framework/web/CController.php(291): CFilterChain->run()
#7 /home/egorvakh/projects/test/www/framework/web/CController.php(265): CController->runActionWithFilters(Object(CInlineAction), Array)
#8 /home/egorvakh/projects/test/www/framework/web/CWebApplication.php(282): CController->run('GetModelsByPage')
#9 /home/egorvakh/projects/test/www/framework/web/CWebApplication.php(141): CWebApplication->runController('message/GetMode...')
#10 /home/egorvakh/projects/test/www/framework/base/CApplication.php(180): CWebApplication->processRequest()
#11 /home/egorvakh/projects/test/www/index.php(13): CApplication->run()
#12 {main}
REQUEST_URI=/message/GetModelsByPage/1
---
2014/09/04 00:20:20 [error] [exception.CHttpException.404] exception 'CHttpException' with message 'Unable to resolve the request "GetModelsByPage/view".' in /home/egorvakh/projects/test/www/framework/web/CWebApplication.php:286
Stack trace:
#0 /home/egorvakh/projects/test/www/framework/web/CWebApplication.php(141): CWebApplication->runController('GetModelsByPage...')
#1 /home/egorvakh/projects/test/www/framework/base/CApplication.php(180): CWebApplication->processRequest()
#2 /home/egorvakh/projects/test/www/index.php(13): CApplication->run()
#3 {main}
REQUEST_URI=//GetModelsByPage/1
---
2014/09/04 00:20:22 [error] [exception.CHttpException.404] exception 'CHttpException' with message 'Unable to resolve the request "GetModelsByPage/view".' in /home/egorvakh/projects/test/www/framework/web/CWebApplication.php:286
Stack trace:
#0 /home/egorvakh/projects/test/www/framework/web/CWebApplication.php(141): CWebApplication->runController('GetModelsByPage...')
#1 /home/egorvakh/projects/test/www/framework/base/CApplication.php(180): CWebApplication->processRequest()
#2 /home/egorvakh/projects/test/www/index.php(13): CApplication->run()
#3 {main}
REQUEST_URI=/GetModelsByPage/1
---
2014/09/04 00:20:24 [error] [exception.CHttpException.404] exception 'CHttpException' with message 'Unable to resolve the request "GetModelsByPage/view".' in /home/egorvakh/projects/test/www/framework/web/CWebApplication.php:286
Stack trace:
#0 /home/egorvakh/projects/test/www/framework/web/CWebApplication.php(141): CWebApplication->runController('GetModelsByPage...')
#1 /home/egorvakh/projects/test/www/framework/base/CApplication.php(180): CWebApplication->processRequest()
#2 /home/egorvakh/projects/test/www/index.php(13): CApplication->run()
#3 {main}
REQUEST_URI=/GetModelsByPage/1
---
2014/09/04 00:20:40 [error] [exception.CHttpException.404] exception 'CHttpException' with message 'Unable to resolve the request "GetModelsByPage/view".' in /home/egorvakh/projects/test/www/framework/web/CWebApplication.php:286
Stack trace:
#0 /home/egorvakh/projects/test/www/framework/web/CWebApplication.php(141): CWebApplication->runController('GetModelsByPage...')
#1 /home/egorvakh/projects/test/www/framework/base/CApplication.php(180): CWebApplication->processRequest()
#2 /home/egorvakh/projects/test/www/index.php(13): CApplication->run()
#3 {main}
REQUEST_URI=/GetModelsByPage/1
---
2014/09/04 00:20:50 [error] [exception.CHttpException.404] exception 'CHttpException' with message 'Unable to resolve the request "GetModelsByPage/view".' in /home/egorvakh/projects/test/www/framework/web/CWebApplication.php:286
Stack trace:
#0 /home/egorvakh/projects/test/www/framework/web/CWebApplication.php(141): CWebApplication->runController('GetModelsByPage...')
#1 /home/egorvakh/projects/test/www/framework/base/CApplication.php(180): CWebApplication->processRequest()
#2 /home/egorvakh/projects/test/www/index.php(13): CApplication->run()
#3 {main}
REQUEST_URI=/GetModelsByPage/1
---
2014/09/04 00:20:50 [error] [exception.CHttpException.404] exception 'CHttpException' with message 'Unable to resolve the request "GetModelsByPage/view".' in /home/egorvakh/projects/test/www/framework/web/CWebApplication.php:286
Stack trace:
#0 /home/egorvakh/projects/test/www/framework/web/CWebApplication.php(141): CWebApplication->runController('GetModelsByPage...')
#1 /home/egorvakh/projects/test/www/framework/base/CApplication.php(180): CWebApplication->processRequest()
#2 /home/egorvakh/projects/test/www/index.php(13): CApplication->run()
#3 {main}
REQUEST_URI=/GetModelsByPage/1
---
2014/09/04 00:20:51 [error] [exception.CHttpException.404] exception 'CHttpException' with message 'Unable to resolve the request "GetModelsByPage/view".' in /home/egorvakh/projects/test/www/framework/web/CWebApplication.php:286
Stack trace:
#0 /home/egorvakh/projects/test/www/framework/web/CWebApplication.php(141): CWebApplication->runController('GetModelsByPage...')
#1 /home/egorvakh/projects/test/www/framework/base/CApplication.php(180): CWebApplication->processRequest()
#2 /home/egorvakh/projects/test/www/index.php(13): CApplication->run()
#3 {main}
REQUEST_URI=/GetModelsByPage/1
---
2014/09/04 00:20:53 [error] [exception.CHttpException.404] exception 'CHttpException' with message 'Unable to resolve the request "GetModelsByPage".' in /home/egorvakh/projects/test/www/framework/web/CWebApplication.php:286
Stack trace:
#0 /home/egorvakh/projects/test/www/framework/web/CWebApplication.php(141): CWebApplication->runController('GetModelsByPage')
#1 /home/egorvakh/projects/test/www/framework/base/CApplication.php(180): CWebApplication->processRequest()
#2 /home/egorvakh/projects/test/www/index.php(13): CApplication->run()
#3 {main}
REQUEST_URI=/GetModelsByPage
---
2014/09/04 00:20:56 [error] [exception.CHttpException.404] exception 'CHttpException' with message 'Unable to resolve the request "GetModelsByPage/view".' in /home/egorvakh/projects/test/www/framework/web/CWebApplication.php:286
Stack trace:
#0 /home/egorvakh/projects/test/www/framework/web/CWebApplication.php(141): CWebApplication->runController('GetModelsByPage...')
#1 /home/egorvakh/projects/test/www/framework/base/CApplication.php(180): CWebApplication->processRequest()
#2 /home/egorvakh/projects/test/www/index.php(13): CApplication->run()
#3 {main}
REQUEST_URI=/GetModelsByPage/1
---
2014/09/04 00:44:57 [error] [php] include(Post.php): failed to open stream: No such file or directory (/home/egorvakh/projects/test/www/framework/YiiBase.php:427)
Stack trace:
#0 /home/egorvakh/projects/test/www/framework/db/ar/CActiveRecord.php(395): spl_autoload_call()
#1 /home/egorvakh/projects/test/www/framework/web/CActiveDataProvider.php(165): model()
#2 /home/egorvakh/projects/test/www/framework/web/CActiveDataProvider.php(87): CActiveDataProvider->getModel()
#3 /home/egorvakh/projects/test/www/protected/controllers/MessageController.php(194): CActiveDataProvider->__construct()
#4 unknown(0): MessageController->actionGetModelsByPage()
#5 /home/egorvakh/projects/test/www/framework/web/actions/CAction.php(108): ReflectionMethod->invokeArgs()
#6 /home/egorvakh/projects/test/www/framework/web/actions/CInlineAction.php(47): CInlineAction->runWithParamsInternal()
#7 /home/egorvakh/projects/test/www/framework/web/CController.php(308): CInlineAction->runWithParams()
#8 /home/egorvakh/projects/test/www/framework/web/filters/CFilterChain.php(133): MessageController->runAction()
#9 /home/egorvakh/projects/test/www/framework/web/filters/CFilter.php(40): CFilterChain->run()
#10 /home/egorvakh/projects/test/www/framework/web/CController.php(1145): CAccessControlFilter->filter()
#11 /home/egorvakh/projects/test/www/framework/web/filters/CInlineFilter.php(58): MessageController->filterAccessControl()
#12 /home/egorvakh/projects/test/www/framework/web/filters/CFilterChain.php(130): CInlineFilter->filter()
#13 /home/egorvakh/projects/test/www/framework/web/CController.php(291): CFilterChain->run()
#14 /home/egorvakh/projects/test/www/framework/web/CController.php(265): MessageController->runActionWithFilters()
#15 /home/egorvakh/projects/test/www/framework/web/CWebApplication.php(282): MessageController->run()
#16 /home/egorvakh/projects/test/www/framework/web/CWebApplication.php(141): CWebApplication->runController()
#17 /home/egorvakh/projects/test/www/framework/base/CApplication.php(180): CWebApplication->processRequest()
#18 /home/egorvakh/projects/test/www/index.php(13): CWebApplication->run()
REQUEST_URI=/getModelsByPage/1
in /home/egorvakh/projects/test/www/protected/controllers/MessageController.php (194)
in /home/egorvakh/projects/test/www/index.php (13)
2014/09/04 00:44:58 [error] [php] include(Post.php): failed to open stream: No such file or directory (/home/egorvakh/projects/test/www/framework/YiiBase.php:427)
Stack trace:
#0 /home/egorvakh/projects/test/www/framework/db/ar/CActiveRecord.php(395): spl_autoload_call()
#1 /home/egorvakh/projects/test/www/framework/web/CActiveDataProvider.php(165): model()
#2 /home/egorvakh/projects/test/www/framework/web/CActiveDataProvider.php(87): CActiveDataProvider->getModel()
#3 /home/egorvakh/projects/test/www/protected/controllers/MessageController.php(194): CActiveDataProvider->__construct()
#4 unknown(0): MessageController->actionGetModelsByPage()
#5 /home/egorvakh/projects/test/www/framework/web/actions/CAction.php(108): ReflectionMethod->invokeArgs()
#6 /home/egorvakh/projects/test/www/framework/web/actions/CInlineAction.php(47): CInlineAction->runWithParamsInternal()
#7 /home/egorvakh/projects/test/www/framework/web/CController.php(308): CInlineAction->runWithParams()
#8 /home/egorvakh/projects/test/www/framework/web/filters/CFilterChain.php(133): MessageController->runAction()
#9 /home/egorvakh/projects/test/www/framework/web/filters/CFilter.php(40): CFilterChain->run()
#10 /home/egorvakh/projects/test/www/framework/web/CController.php(1145): CAccessControlFilter->filter()
#11 /home/egorvakh/projects/test/www/framework/web/filters/CInlineFilter.php(58): MessageController->filterAccessControl()
#12 /home/egorvakh/projects/test/www/framework/web/filters/CFilterChain.php(130): CInlineFilter->filter()
#13 /home/egorvakh/projects/test/www/framework/web/CController.php(291): CFilterChain->run()
#14 /home/egorvakh/projects/test/www/framework/web/CController.php(265): MessageController->runActionWithFilters()
#15 /home/egorvakh/projects/test/www/framework/web/CWebApplication.php(282): MessageController->run()
#16 /home/egorvakh/projects/test/www/framework/web/CWebApplication.php(141): CWebApplication->runController()
#17 /home/egorvakh/projects/test/www/framework/base/CApplication.php(180): CWebApplication->processRequest()
#18 /home/egorvakh/projects/test/www/index.php(13): CWebApplication->run()
REQUEST_URI=/getModelsByPage/1
in /home/egorvakh/projects/test/www/protected/controllers/MessageController.php (194)
in /home/egorvakh/projects/test/www/index.php (13)
2014/09/04 00:44:59 [error] [php] include(Post.php): failed to open stream: No such file or directory (/home/egorvakh/projects/test/www/framework/YiiBase.php:427)
Stack trace:
#0 /home/egorvakh/projects/test/www/framework/db/ar/CActiveRecord.php(395): spl_autoload_call()
#1 /home/egorvakh/projects/test/www/framework/web/CActiveDataProvider.php(165): model()
#2 /home/egorvakh/projects/test/www/framework/web/CActiveDataProvider.php(87): CActiveDataProvider->getModel()
#3 /home/egorvakh/projects/test/www/protected/controllers/MessageController.php(194): CActiveDataProvider->__construct()
#4 unknown(0): MessageController->actionGetModelsByPage()
#5 /home/egorvakh/projects/test/www/framework/web/actions/CAction.php(108): ReflectionMethod->invokeArgs()
#6 /home/egorvakh/projects/test/www/framework/web/actions/CInlineAction.php(47): CInlineAction->runWithParamsInternal()
#7 /home/egorvakh/projects/test/www/framework/web/CController.php(308): CInlineAction->runWithParams()
#8 /home/egorvakh/projects/test/www/framework/web/filters/CFilterChain.php(133): MessageController->runAction()
#9 /home/egorvakh/projects/test/www/framework/web/filters/CFilter.php(40): CFilterChain->run()
#10 /home/egorvakh/projects/test/www/framework/web/CController.php(1145): CAccessControlFilter->filter()
#11 /home/egorvakh/projects/test/www/framework/web/filters/CInlineFilter.php(58): MessageController->filterAccessControl()
#12 /home/egorvakh/projects/test/www/framework/web/filters/CFilterChain.php(130): CInlineFilter->filter()
#13 /home/egorvakh/projects/test/www/framework/web/CController.php(291): CFilterChain->run()
#14 /home/egorvakh/projects/test/www/framework/web/CController.php(265): MessageController->runActionWithFilters()
#15 /home/egorvakh/projects/test/www/framework/web/CWebApplication.php(282): MessageController->run()
#16 /home/egorvakh/projects/test/www/framework/web/CWebApplication.php(141): CWebApplication->runController()
#17 /home/egorvakh/projects/test/www/framework/base/CApplication.php(180): CWebApplication->processRequest()
#18 /home/egorvakh/projects/test/www/index.php(13): CWebApplication->run()
REQUEST_URI=/getModelsByPage/1
in /home/egorvakh/projects/test/www/protected/controllers/MessageController.php (194)
in /home/egorvakh/projects/test/www/index.php (13)
2014/09/04 00:45:05 [error] [php] include(Post.php): failed to open stream: No such file or directory (/home/egorvakh/projects/test/www/framework/YiiBase.php:427)
Stack trace:
#0 /home/egorvakh/projects/test/www/framework/db/ar/CActiveRecord.php(395): spl_autoload_call()
#1 /home/egorvakh/projects/test/www/framework/web/CActiveDataProvider.php(165): model()
#2 /home/egorvakh/projects/test/www/framework/web/CActiveDataProvider.php(87): CActiveDataProvider->getModel()
#3 /home/egorvakh/projects/test/www/protected/controllers/MessageController.php(194): CActiveDataProvider->__construct()
#4 unknown(0): MessageController->actionGetModelsByPage()
#5 /home/egorvakh/projects/test/www/framework/web/actions/CAction.php(108): ReflectionMethod->invokeArgs()
#6 /home/egorvakh/projects/test/www/framework/web/actions/CInlineAction.php(47): CInlineAction->runWithParamsInternal()
#7 /home/egorvakh/projects/test/www/framework/web/CController.php(308): CInlineAction->runWithParams()
#8 /home/egorvakh/projects/test/www/framework/web/filters/CFilterChain.php(133): MessageController->runAction()
#9 /home/egorvakh/projects/test/www/framework/web/filters/CFilter.php(40): CFilterChain->run()
#10 /home/egorvakh/projects/test/www/framework/web/CController.php(1145): CAccessControlFilter->filter()
#11 /home/egorvakh/projects/test/www/framework/web/filters/CInlineFilter.php(58): MessageController->filterAccessControl()
#12 /home/egorvakh/projects/test/www/framework/web/filters/CFilterChain.php(130): CInlineFilter->filter()
#13 /home/egorvakh/projects/test/www/framework/web/CController.php(291): CFilterChain->run()
#14 /home/egorvakh/projects/test/www/framework/web/CController.php(265): MessageController->runActionWithFilters()
#15 /home/egorvakh/projects/test/www/framework/web/CWebApplication.php(282): MessageController->run()
#16 /home/egorvakh/projects/test/www/framework/web/CWebApplication.php(141): CWebApplication->runController()
#17 /home/egorvakh/projects/test/www/framework/base/CApplication.php(180): CWebApplication->processRequest()
#18 /home/egorvakh/projects/test/www/index.php(13): CWebApplication->run()
REQUEST_URI=/getModelsByPage/1
in /home/egorvakh/projects/test/www/protected/controllers/MessageController.php (194)
in /home/egorvakh/projects/test/www/index.php (13)
2014/09/04 00:49:35 [error] [exception.CException] exception 'CException' with message 'Property "CPagination.page" is not defined.' in /home/egorvakh/projects/test/www/framework/base/CComponent.php:173
Stack trace:
#0 /home/egorvakh/projects/test/www/framework/web/CDataProvider.php(106): CComponent->__set('page', '1')
#1 /home/egorvakh/projects/test/www/framework/base/CComponent.php(152): CDataProvider->setPagination(Array)
#2 /home/egorvakh/projects/test/www/framework/web/CActiveDataProvider.php(96): CComponent->__set('pagination', Array)
#3 /home/egorvakh/projects/test/www/protected/controllers/MessageController.php(195): CActiveDataProvider->__construct('Message', Array)
#4 [internal function]: MessageController->actionGetModelsByPage('1')
#5 /home/egorvakh/projects/test/www/framework/web/actions/CAction.php(108): ReflectionMethod->invokeArgs(Object(MessageController), Array)
#6 /home/egorvakh/projects/test/www/framework/web/actions/CInlineAction.php(47): CAction->runWithParamsInternal(Object(MessageController), Object(ReflectionMethod), Array)
#7 /home/egorvakh/projects/test/www/framework/web/CController.php(308): CInlineAction->runWithParams(Array)
#8 /home/egorvakh/projects/test/www/framework/web/filters/CFilterChain.php(133): CController->runAction(Object(CInlineAction))
#9 /home/egorvakh/projects/test/www/framework/web/filters/CFilter.php(40): CFilterChain->run()
#10 /home/egorvakh/projects/test/www/framework/web/CController.php(1145): CFilter->filter(Object(CFilterChain))
#11 /home/egorvakh/projects/test/www/framework/web/filters/CInlineFilter.php(58): CController->filterAccessControl(Object(CFilterChain))
#12 /home/egorvakh/projects/test/www/framework/web/filters/CFilterChain.php(130): CInlineFilter->filter(Object(CFilterChain))
#13 /home/egorvakh/projects/test/www/framework/web/CController.php(291): CFilterChain->run()
#14 /home/egorvakh/projects/test/www/framework/web/CController.php(265): CController->runActionWithFilters(Object(CInlineAction), Array)
#15 /home/egorvakh/projects/test/www/framework/web/CWebApplication.php(282): CController->run('getModelsByPage')
#16 /home/egorvakh/projects/test/www/framework/web/CWebApplication.php(141): CWebApplication->runController('Message/getMode...')
#17 /home/egorvakh/projects/test/www/framework/base/CApplication.php(180): CWebApplication->processRequest()
#18 /home/egorvakh/projects/test/www/index.php(13): CApplication->run()
#19 {main}
REQUEST_URI=/getModelsByPage/1
---
2014/09/04 00:49:37 [error] [exception.CException] exception 'CException' with message 'Property "CPagination.page" is not defined.' in /home/egorvakh/projects/test/www/framework/base/CComponent.php:173
Stack trace:
#0 /home/egorvakh/projects/test/www/framework/web/CDataProvider.php(106): CComponent->__set('page', '1')
#1 /home/egorvakh/projects/test/www/framework/base/CComponent.php(152): CDataProvider->setPagination(Array)
#2 /home/egorvakh/projects/test/www/framework/web/CActiveDataProvider.php(96): CComponent->__set('pagination', Array)
#3 /home/egorvakh/projects/test/www/protected/controllers/MessageController.php(195): CActiveDataProvider->__construct('Message', Array)
#4 [internal function]: MessageController->actionGetModelsByPage('1')
#5 /home/egorvakh/projects/test/www/framework/web/actions/CAction.php(108): ReflectionMethod->invokeArgs(Object(MessageController), Array)
#6 /home/egorvakh/projects/test/www/framework/web/actions/CInlineAction.php(47): CAction->runWithParamsInternal(Object(MessageController), Object(ReflectionMethod), Array)
#7 /home/egorvakh/projects/test/www/framework/web/CController.php(308): CInlineAction->runWithParams(Array)
#8 /home/egorvakh/projects/test/www/framework/web/filters/CFilterChain.php(133): CController->runAction(Object(CInlineAction))
#9 /home/egorvakh/projects/test/www/framework/web/filters/CFilter.php(40): CFilterChain->run()
#10 /home/egorvakh/projects/test/www/framework/web/CController.php(1145): CFilter->filter(Object(CFilterChain))
#11 /home/egorvakh/projects/test/www/framework/web/filters/CInlineFilter.php(58): CController->filterAccessControl(Object(CFilterChain))
#12 /home/egorvakh/projects/test/www/framework/web/filters/CFilterChain.php(130): CInlineFilter->filter(Object(CFilterChain))
#13 /home/egorvakh/projects/test/www/framework/web/CController.php(291): CFilterChain->run()
#14 /home/egorvakh/projects/test/www/framework/web/CController.php(265): CController->runActionWithFilters(Object(CInlineAction), Array)
#15 /home/egorvakh/projects/test/www/framework/web/CWebApplication.php(282): CController->run('getModelsByPage')
#16 /home/egorvakh/projects/test/www/framework/web/CWebApplication.php(141): CWebApplication->runController('Message/getMode...')
#17 /home/egorvakh/projects/test/www/framework/base/CApplication.php(180): CWebApplication->processRequest()
#18 /home/egorvakh/projects/test/www/index.php(13): CApplication->run()
#19 {main}
REQUEST_URI=/getModelsByPage/1
---
2014/09/04 00:49:37 [error] [exception.CException] exception 'CException' with message 'Property "CPagination.page" is not defined.' in /home/egorvakh/projects/test/www/framework/base/CComponent.php:173
Stack trace:
#0 /home/egorvakh/projects/test/www/framework/web/CDataProvider.php(106): CComponent->__set('page', '1')
#1 /home/egorvakh/projects/test/www/framework/base/CComponent.php(152): CDataProvider->setPagination(Array)
#2 /home/egorvakh/projects/test/www/framework/web/CActiveDataProvider.php(96): CComponent->__set('pagination', Array)
#3 /home/egorvakh/projects/test/www/protected/controllers/MessageController.php(195): CActiveDataProvider->__construct('Message', Array)
#4 [internal function]: MessageController->actionGetModelsByPage('1')
#5 /home/egorvakh/projects/test/www/framework/web/actions/CAction.php(108): ReflectionMethod->invokeArgs(Object(MessageController), Array)
#6 /home/egorvakh/projects/test/www/framework/web/actions/CInlineAction.php(47): CAction->runWithParamsInternal(Object(MessageController), Object(ReflectionMethod), Array)
#7 /home/egorvakh/projects/test/www/framework/web/CController.php(308): CInlineAction->runWithParams(Array)
#8 /home/egorvakh/projects/test/www/framework/web/filters/CFilterChain.php(133): CController->runAction(Object(CInlineAction))
#9 /home/egorvakh/projects/test/www/framework/web/filters/CFilter.php(40): CFilterChain->run()
#10 /home/egorvakh/projects/test/www/framework/web/CController.php(1145): CFilter->filter(Object(CFilterChain))
#11 /home/egorvakh/projects/test/www/framework/web/filters/CInlineFilter.php(58): CController->filterAccessControl(Object(CFilterChain))
#12 /home/egorvakh/projects/test/www/framework/web/filters/CFilterChain.php(130): CInlineFilter->filter(Object(CFilterChain))
#13 /home/egorvakh/projects/test/www/framework/web/CController.php(291): CFilterChain->run()
#14 /home/egorvakh/projects/test/www/framework/web/CController.php(265): CController->runActionWithFilters(Object(CInlineAction), Array)
#15 /home/egorvakh/projects/test/www/framework/web/CWebApplication.php(282): CController->run('getModelsByPage')
#16 /home/egorvakh/projects/test/www/framework/web/CWebApplication.php(141): CWebApplication->runController('Message/getMode...')
#17 /home/egorvakh/projects/test/www/framework/base/CApplication.php(180): CWebApplication->processRequest()
#18 /home/egorvakh/projects/test/www/index.php(13): CApplication->run()
#19 {main}
REQUEST_URI=/getModelsByPage/1
---
2014/09/04 00:49:38 [error] [exception.CException] exception 'CException' with message 'Property "CPagination.page" is not defined.' in /home/egorvakh/projects/test/www/framework/base/CComponent.php:173
Stack trace:
#0 /home/egorvakh/projects/test/www/framework/web/CDataProvider.php(106): CComponent->__set('page', '1')
#1 /home/egorvakh/projects/test/www/framework/base/CComponent.php(152): CDataProvider->setPagination(Array)
#2 /home/egorvakh/projects/test/www/framework/web/CActiveDataProvider.php(96): CComponent->__set('pagination', Array)
#3 /home/egorvakh/projects/test/www/protected/controllers/MessageController.php(195): CActiveDataProvider->__construct('Message', Array)
#4 [internal function]: MessageController->actionGetModelsByPage('1')
#5 /home/egorvakh/projects/test/www/framework/web/actions/CAction.php(108): ReflectionMethod->invokeArgs(Object(MessageController), Array)
#6 /home/egorvakh/projects/test/www/framework/web/actions/CInlineAction.php(47): CAction->runWithParamsInternal(Object(MessageController), Object(ReflectionMethod), Array)
#7 /home/egorvakh/projects/test/www/framework/web/CController.php(308): CInlineAction->runWithParams(Array)
#8 /home/egorvakh/projects/test/www/framework/web/filters/CFilterChain.php(133): CController->runAction(Object(CInlineAction))
#9 /home/egorvakh/projects/test/www/framework/web/filters/CFilter.php(40): CFilterChain->run()
#10 /home/egorvakh/projects/test/www/framework/web/CController.php(1145): CFilter->filter(Object(CFilterChain))
#11 /home/egorvakh/projects/test/www/framework/web/filters/CInlineFilter.php(58): CController->filterAccessControl(Object(CFilterChain))
#12 /home/egorvakh/projects/test/www/framework/web/filters/CFilterChain.php(130): CInlineFilter->filter(Object(CFilterChain))
#13 /home/egorvakh/projects/test/www/framework/web/CController.php(291): CFilterChain->run()
#14 /home/egorvakh/projects/test/www/framework/web/CController.php(265): CController->runActionWithFilters(Object(CInlineAction), Array)
#15 /home/egorvakh/projects/test/www/framework/web/CWebApplication.php(282): CController->run('getModelsByPage')
#16 /home/egorvakh/projects/test/www/framework/web/CWebApplication.php(141): CWebApplication->runController('Message/getMode...')
#17 /home/egorvakh/projects/test/www/framework/base/CApplication.php(180): CWebApplication->processRequest()
#18 /home/egorvakh/projects/test/www/index.php(13): CApplication->run()
#19 {main}
REQUEST_URI=/getModelsByPage/1
---
2014/09/04 00:49:38 [error] [exception.CException] exception 'CException' with message 'Property "CPagination.page" is not defined.' in /home/egorvakh/projects/test/www/framework/base/CComponent.php:173
Stack trace:
#0 /home/egorvakh/projects/test/www/framework/web/CDataProvider.php(106): CComponent->__set('page', '1')
#1 /home/egorvakh/projects/test/www/framework/base/CComponent.php(152): CDataProvider->setPagination(Array)
#2 /home/egorvakh/projects/test/www/framework/web/CActiveDataProvider.php(96): CComponent->__set('pagination', Array)
#3 /home/egorvakh/projects/test/www/protected/controllers/MessageController.php(195): CActiveDataProvider->__construct('Message', Array)
#4 [internal function]: MessageController->actionGetModelsByPage('1')
#5 /home/egorvakh/projects/test/www/framework/web/actions/CAction.php(108): ReflectionMethod->invokeArgs(Object(MessageController), Array)
#6 /home/egorvakh/projects/test/www/framework/web/actions/CInlineAction.php(47): CAction->runWithParamsInternal(Object(MessageController), Object(ReflectionMethod), Array)
#7 /home/egorvakh/projects/test/www/framework/web/CController.php(308): CInlineAction->runWithParams(Array)
#8 /home/egorvakh/projects/test/www/framework/web/filters/CFilterChain.php(133): CController->runAction(Object(CInlineAction))
#9 /home/egorvakh/projects/test/www/framework/web/filters/CFilter.php(40): CFilterChain->run()
#10 /home/egorvakh/projects/test/www/framework/web/CController.php(1145): CFilter->filter(Object(CFilterChain))
#11 /home/egorvakh/projects/test/www/framework/web/filters/CInlineFilter.php(58): CController->filterAccessControl(Object(CFilterChain))
#12 /home/egorvakh/projects/test/www/framework/web/filters/CFilterChain.php(130): CInlineFilter->filter(Object(CFilterChain))
#13 /home/egorvakh/projects/test/www/framework/web/CController.php(291): CFilterChain->run()
#14 /home/egorvakh/projects/test/www/framework/web/CController.php(265): CController->runActionWithFilters(Object(CInlineAction), Array)
#15 /home/egorvakh/projects/test/www/framework/web/CWebApplication.php(282): CController->run('getModelsByPage')
#16 /home/egorvakh/projects/test/www/framework/web/CWebApplication.php(141): CWebApplication->runController('Message/getMode...')
#17 /home/egorvakh/projects/test/www/framework/base/CApplication.php(180): CWebApplication->processRequest()
#18 /home/egorvakh/projects/test/www/index.php(13): CApplication->run()
#19 {main}
REQUEST_URI=/getModelsByPage/1
---
2014/09/04 00:49:38 [error] [exception.CException] exception 'CException' with message 'Property "CPagination.page" is not defined.' in /home/egorvakh/projects/test/www/framework/base/CComponent.php:173
Stack trace:
#0 /home/egorvakh/projects/test/www/framework/web/CDataProvider.php(106): CComponent->__set('page', '1')
#1 /home/egorvakh/projects/test/www/framework/base/CComponent.php(152): CDataProvider->setPagination(Array)
#2 /home/egorvakh/projects/test/www/framework/web/CActiveDataProvider.php(96): CComponent->__set('pagination', Array)
#3 /home/egorvakh/projects/test/www/protected/controllers/MessageController.php(195): CActiveDataProvider->__construct('Message', Array)
#4 [internal function]: MessageController->actionGetModelsByPage('1')
#5 /home/egorvakh/projects/test/www/framework/web/actions/CAction.php(108): ReflectionMethod->invokeArgs(Object(MessageController), Array)
#6 /home/egorvakh/projects/test/www/framework/web/actions/CInlineAction.php(47): CAction->runWithParamsInternal(Object(MessageController), Object(ReflectionMethod), Array)
#7 /home/egorvakh/projects/test/www/framework/web/CController.php(308): CInlineAction->runWithParams(Array)
#8 /home/egorvakh/projects/test/www/framework/web/filters/CFilterChain.php(133): CController->runAction(Object(CInlineAction))
#9 /home/egorvakh/projects/test/www/framework/web/filters/CFilter.php(40): CFilterChain->run()
#10 /home/egorvakh/projects/test/www/framework/web/CController.php(1145): CFilter->filter(Object(CFilterChain))
#11 /home/egorvakh/projects/test/www/framework/web/filters/CInlineFilter.php(58): CController->filterAccessControl(Object(CFilterChain))
#12 /home/egorvakh/projects/test/www/framework/web/filters/CFilterChain.php(130): CInlineFilter->filter(Object(CFilterChain))
#13 /home/egorvakh/projects/test/www/framework/web/CController.php(291): CFilterChain->run()
#14 /home/egorvakh/projects/test/www/framework/web/CController.php(265): CController->runActionWithFilters(Object(CInlineAction), Array)
#15 /home/egorvakh/projects/test/www/framework/web/CWebApplication.php(282): CController->run('getModelsByPage')
#16 /home/egorvakh/projects/test/www/framework/web/CWebApplication.php(141): CWebApplication->runController('Message/getMode...')
#17 /home/egorvakh/projects/test/www/framework/base/CApplication.php(180): CWebApplication->processRequest()
#18 /home/egorvakh/projects/test/www/index.php(13): CApplication->run()
#19 {main}
REQUEST_URI=/getModelsByPage/1
---
2014/09/04 00:53:12 [error] [exception.CHttpException.400] exception 'CHttpException' with message 'Your request is invalid.' in /home/egorvakh/projects/test/www/framework/web/CController.php:1118
Stack trace:
#0 /home/egorvakh/projects/test/www/framework/web/filters/CInlineFilter.php(58): CController->filterPostOnly(Object(CFilterChain))
#1 /home/egorvakh/projects/test/www/framework/web/filters/CFilterChain.php(130): CInlineFilter->filter(Object(CFilterChain))
#2 /home/egorvakh/projects/test/www/framework/web/filters/CFilter.php(40): CFilterChain->run()
#3 /home/egorvakh/projects/test/www/framework/web/CController.php(1145): CFilter->filter(Object(CFilterChain))
#4 /home/egorvakh/projects/test/www/framework/web/filters/CInlineFilter.php(58): CController->filterAccessControl(Object(CFilterChain))
#5 /home/egorvakh/projects/test/www/framework/web/filters/CFilterChain.php(130): CInlineFilter->filter(Object(CFilterChain))
#6 /home/egorvakh/projects/test/www/framework/web/CController.php(291): CFilterChain->run()
#7 /home/egorvakh/projects/test/www/framework/web/CController.php(265): CController->runActionWithFilters(Object(CInlineAction), Array)
#8 /home/egorvakh/projects/test/www/framework/web/CWebApplication.php(282): CController->run('delete')
#9 /home/egorvakh/projects/test/www/framework/web/CWebApplication.php(141): CWebApplication->runController('message/delete')
#10 /home/egorvakh/projects/test/www/framework/base/CApplication.php(180): CWebApplication->processRequest()
#11 /home/egorvakh/projects/test/www/index.php(13): CApplication->run()
#12 {main}
REQUEST_URI=/index.php/message/delete/6
HTTP_REFERER=http://test.dev/index.php/message/admin
---
2014/09/04 00:53:31 [error] [exception.CHttpException.400] exception 'CHttpException' with message 'Your request is invalid.' in /home/egorvakh/projects/test/www/framework/web/CController.php:1118
Stack trace:
#0 /home/egorvakh/projects/test/www/framework/web/filters/CInlineFilter.php(58): CController->filterPostOnly(Object(CFilterChain))
#1 /home/egorvakh/projects/test/www/framework/web/filters/CFilterChain.php(130): CInlineFilter->filter(Object(CFilterChain))
#2 /home/egorvakh/projects/test/www/framework/web/filters/CFilter.php(40): CFilterChain->run()
#3 /home/egorvakh/projects/test/www/framework/web/CController.php(1145): CFilter->filter(Object(CFilterChain))
#4 /home/egorvakh/projects/test/www/framework/web/filters/CInlineFilter.php(58): CController->filterAccessControl(Object(CFilterChain))
#5 /home/egorvakh/projects/test/www/framework/web/filters/CFilterChain.php(130): CInlineFilter->filter(Object(CFilterChain))
#6 /home/egorvakh/projects/test/www/framework/web/CController.php(291): CFilterChain->run()
#7 /home/egorvakh/projects/test/www/framework/web/CController.php(265): CController->runActionWithFilters(Object(CInlineAction), Array)
#8 /home/egorvakh/projects/test/www/framework/web/CWebApplication.php(282): CController->run('delete')
#9 /home/egorvakh/projects/test/www/framework/web/CWebApplication.php(141): CWebApplication->runController('message/delete')
#10 /home/egorvakh/projects/test/www/framework/base/CApplication.php(180): CWebApplication->processRequest()
#11 /home/egorvakh/projects/test/www/index.php(13): CApplication->run()
#12 {main}
REQUEST_URI=/index.php/message/delete/6
HTTP_REFERER=http://test.dev/index.php/message/admin
---
2014/09/04 00:53:37 [error] [exception.CHttpException.400] exception 'CHttpException' with message 'Your request is invalid.' in /home/egorvakh/projects/test/www/framework/web/CController.php:1118
Stack trace:
#0 /home/egorvakh/projects/test/www/framework/web/filters/CInlineFilter.php(58): CController->filterPostOnly(Object(CFilterChain))
#1 /home/egorvakh/projects/test/www/framework/web/filters/CFilterChain.php(130): CInlineFilter->filter(Object(CFilterChain))
#2 /home/egorvakh/projects/test/www/framework/web/filters/CFilter.php(40): CFilterChain->run()
#3 /home/egorvakh/projects/test/www/framework/web/CController.php(1145): CFilter->filter(Object(CFilterChain))
#4 /home/egorvakh/projects/test/www/framework/web/filters/CInlineFilter.php(58): CController->filterAccessControl(Object(CFilterChain))
#5 /home/egorvakh/projects/test/www/framework/web/filters/CFilterChain.php(130): CInlineFilter->filter(Object(CFilterChain))
#6 /home/egorvakh/projects/test/www/framework/web/CController.php(291): CFilterChain->run()
#7 /home/egorvakh/projects/test/www/framework/web/CController.php(265): CController->runActionWithFilters(Object(CInlineAction), Array)
#8 /home/egorvakh/projects/test/www/framework/web/CWebApplication.php(282): CController->run('delete')
#9 /home/egorvakh/projects/test/www/framework/web/CWebApplication.php(141): CWebApplication->runController('message/delete')
#10 /home/egorvakh/projects/test/www/framework/base/CApplication.php(180): CWebApplication->processRequest()
#11 /home/egorvakh/projects/test/www/index.php(13): CApplication->run()
#12 {main}
REQUEST_URI=/index.php/message/delete/6
HTTP_REFERER=http://test.dev/index.php/message/admin
---
2014/09/04 00:53:39 [error] [exception.CHttpException.400] exception 'CHttpException' with message 'Your request is invalid.' in /home/egorvakh/projects/test/www/framework/web/CController.php:1118
Stack trace:
#0 /home/egorvakh/projects/test/www/framework/web/filters/CInlineFilter.php(58): CController->filterPostOnly(Object(CFilterChain))
#1 /home/egorvakh/projects/test/www/framework/web/filters/CFilterChain.php(130): CInlineFilter->filter(Object(CFilterChain))
#2 /home/egorvakh/projects/test/www/framework/web/filters/CFilter.php(40): CFilterChain->run()
#3 /home/egorvakh/projects/test/www/framework/web/CController.php(1145): CFilter->filter(Object(CFilterChain))
#4 /home/egorvakh/projects/test/www/framework/web/filters/CInlineFilter.php(58): CController->filterAccessControl(Object(CFilterChain))
#5 /home/egorvakh/projects/test/www/framework/web/filters/CFilterChain.php(130): CInlineFilter->filter(Object(CFilterChain))
#6 /home/egorvakh/projects/test/www/framework/web/CController.php(291): CFilterChain->run()
#7 /home/egorvakh/projects/test/www/framework/web/CController.php(265): CController->runActionWithFilters(Object(CInlineAction), Array)
#8 /home/egorvakh/projects/test/www/framework/web/CWebApplication.php(282): CController->run('delete')
#9 /home/egorvakh/projects/test/www/framework/web/CWebApplication.php(141): CWebApplication->runController('message/delete')
#10 /home/egorvakh/projects/test/www/framework/base/CApplication.php(180): CWebApplication->processRequest()
#11 /home/egorvakh/projects/test/www/index.php(13): CApplication->run()
#12 {main}
REQUEST_URI=/index.php/message/delete/6
---
2014/09/04 00:53:51 [error] [exception.CHttpException.400] exception 'CHttpException' with message 'Your request is invalid.' in /home/egorvakh/projects/test/www/framework/web/CController.php:1118
Stack trace:
#0 /home/egorvakh/projects/test/www/framework/web/filters/CInlineFilter.php(58): CController->filterPostOnly(Object(CFilterChain))
#1 /home/egorvakh/projects/test/www/framework/web/filters/CFilterChain.php(130): CInlineFilter->filter(Object(CFilterChain))
#2 /home/egorvakh/projects/test/www/framework/web/filters/CFilter.php(40): CFilterChain->run()
#3 /home/egorvakh/projects/test/www/framework/web/CController.php(1145): CFilter->filter(Object(CFilterChain))
#4 /home/egorvakh/projects/test/www/framework/web/filters/CInlineFilter.php(58): CController->filterAccessControl(Object(CFilterChain))
#5 /home/egorvakh/projects/test/www/framework/web/filters/CFilterChain.php(130): CInlineFilter->filter(Object(CFilterChain))
#6 /home/egorvakh/projects/test/www/framework/web/CController.php(291): CFilterChain->run()
#7 /home/egorvakh/projects/test/www/framework/web/CController.php(265): CController->runActionWithFilters(Object(CInlineAction), Array)
#8 /home/egorvakh/projects/test/www/framework/web/CWebApplication.php(282): CController->run('delete')
#9 /home/egorvakh/projects/test/www/framework/web/CWebApplication.php(141): CWebApplication->runController('message/delete')
#10 /home/egorvakh/projects/test/www/framework/base/CApplication.php(180): CWebApplication->processRequest()
#11 /home/egorvakh/projects/test/www/index.php(13): CApplication->run()
#12 {main}
REQUEST_URI=/index.php/message/delete/6
---
2014/09/04 00:53:52 [error] [exception.CHttpException.400] exception 'CHttpException' with message 'Your request is invalid.' in /home/egorvakh/projects/test/www/framework/web/CController.php:1118
Stack trace:
#0 /home/egorvakh/projects/test/www/framework/web/filters/CInlineFilter.php(58): CController->filterPostOnly(Object(CFilterChain))
#1 /home/egorvakh/projects/test/www/framework/web/filters/CFilterChain.php(130): CInlineFilter->filter(Object(CFilterChain))
#2 /home/egorvakh/projects/test/www/framework/web/filters/CFilter.php(40): CFilterChain->run()
#3 /home/egorvakh/projects/test/www/framework/web/CController.php(1145): CFilter->filter(Object(CFilterChain))
#4 /home/egorvakh/projects/test/www/framework/web/filters/CInlineFilter.php(58): CController->filterAccessControl(Object(CFilterChain))
#5 /home/egorvakh/projects/test/www/framework/web/filters/CFilterChain.php(130): CInlineFilter->filter(Object(CFilterChain))
#6 /home/egorvakh/projects/test/www/framework/web/CController.php(291): CFilterChain->run()
#7 /home/egorvakh/projects/test/www/framework/web/CController.php(265): CController->runActionWithFilters(Object(CInlineAction), Array)
#8 /home/egorvakh/projects/test/www/framework/web/CWebApplication.php(282): CController->run('delete')
#9 /home/egorvakh/projects/test/www/framework/web/CWebApplication.php(141): CWebApplication->runController('message/delete')
#10 /home/egorvakh/projects/test/www/framework/base/CApplication.php(180): CWebApplication->processRequest()
#11 /home/egorvakh/projects/test/www/index.php(13): CApplication->run()
#12 {main}
REQUEST_URI=/index.php/message/delete/6
---
2014/09/04 00:53:52 [error] [exception.CHttpException.400] exception 'CHttpException' with message 'Your request is invalid.' in /home/egorvakh/projects/test/www/framework/web/CController.php:1118
Stack trace:
#0 /home/egorvakh/projects/test/www/framework/web/filters/CInlineFilter.php(58): CController->filterPostOnly(Object(CFilterChain))
#1 /home/egorvakh/projects/test/www/framework/web/filters/CFilterChain.php(130): CInlineFilter->filter(Object(CFilterChain))
#2 /home/egorvakh/projects/test/www/framework/web/filters/CFilter.php(40): CFilterChain->run()
#3 /home/egorvakh/projects/test/www/framework/web/CController.php(1145): CFilter->filter(Object(CFilterChain))
#4 /home/egorvakh/projects/test/www/framework/web/filters/CInlineFilter.php(58): CController->filterAccessControl(Object(CFilterChain))
#5 /home/egorvakh/projects/test/www/framework/web/filters/CFilterChain.php(130): CInlineFilter->filter(Object(CFilterChain))
#6 /home/egorvakh/projects/test/www/framework/web/CController.php(291): CFilterChain->run()
#7 /home/egorvakh/projects/test/www/framework/web/CController.php(265): CController->runActionWithFilters(Object(CInlineAction), Array)
#8 /home/egorvakh/projects/test/www/framework/web/CWebApplication.php(282): CController->run('delete')
#9 /home/egorvakh/projects/test/www/framework/web/CWebApplication.php(141): CWebApplication->runController('message/delete')
#10 /home/egorvakh/projects/test/www/framework/base/CApplication.php(180): CWebApplication->processRequest()
#11 /home/egorvakh/projects/test/www/index.php(13): CApplication->run()
#12 {main}
REQUEST_URI=/index.php/message/delete/6
---
2014/09/04 00:53:53 [error] [exception.CHttpException.400] exception 'CHttpException' with message 'Your request is invalid.' in /home/egorvakh/projects/test/www/framework/web/CController.php:1118
Stack trace:
#0 /home/egorvakh/projects/test/www/framework/web/filters/CInlineFilter.php(58): CController->filterPostOnly(Object(CFilterChain))
#1 /home/egorvakh/projects/test/www/framework/web/filters/CFilterChain.php(130): CInlineFilter->filter(Object(CFilterChain))
#2 /home/egorvakh/projects/test/www/framework/web/filters/CFilter.php(40): CFilterChain->run()
#3 /home/egorvakh/projects/test/www/framework/web/CController.php(1145): CFilter->filter(Object(CFilterChain))
#4 /home/egorvakh/projects/test/www/framework/web/filters/CInlineFilter.php(58): CController->filterAccessControl(Object(CFilterChain))
#5 /home/egorvakh/projects/test/www/framework/web/filters/CFilterChain.php(130): CInlineFilter->filter(Object(CFilterChain))
#6 /home/egorvakh/projects/test/www/framework/web/CController.php(291): CFilterChain->run()
#7 /home/egorvakh/projects/test/www/framework/web/CController.php(265): CController->runActionWithFilters(Object(CInlineAction), Array)
#8 /home/egorvakh/projects/test/www/framework/web/CWebApplication.php(282): CController->run('delete')
#9 /home/egorvakh/projects/test/www/framework/web/CWebApplication.php(141): CWebApplication->runController('message/delete')
#10 /home/egorvakh/projects/test/www/framework/base/CApplication.php(180): CWebApplication->processRequest()
#11 /home/egorvakh/projects/test/www/index.php(13): CApplication->run()
#12 {main}
REQUEST_URI=/index.php/message/delete/6
---
2014/09/04 00:53:53 [error] [exception.CHttpException.400] exception 'CHttpException' with message 'Your request is invalid.' in /home/egorvakh/projects/test/www/framework/web/CController.php:1118
Stack trace:
#0 /home/egorvakh/projects/test/www/framework/web/filters/CInlineFilter.php(58): CController->filterPostOnly(Object(CFilterChain))
#1 /home/egorvakh/projects/test/www/framework/web/filters/CFilterChain.php(130): CInlineFilter->filter(Object(CFilterChain))
#2 /home/egorvakh/projects/test/www/framework/web/filters/CFilter.php(40): CFilterChain->run()
#3 /home/egorvakh/projects/test/www/framework/web/CController.php(1145): CFilter->filter(Object(CFilterChain))
#4 /home/egorvakh/projects/test/www/framework/web/filters/CInlineFilter.php(58): CController->filterAccessControl(Object(CFilterChain))
#5 /home/egorvakh/projects/test/www/framework/web/filters/CFilterChain.php(130): CInlineFilter->filter(Object(CFilterChain))
#6 /home/egorvakh/projects/test/www/framework/web/CController.php(291): CFilterChain->run()
#7 /home/egorvakh/projects/test/www/framework/web/CController.php(265): CController->runActionWithFilters(Object(CInlineAction), Array)
#8 /home/egorvakh/projects/test/www/framework/web/CWebApplication.php(282): CController->run('delete')
#9 /home/egorvakh/projects/test/www/framework/web/CWebApplication.php(141): CWebApplication->runController('message/delete')
#10 /home/egorvakh/projects/test/www/framework/base/CApplication.php(180): CWebApplication->processRequest()
#11 /home/egorvakh/projects/test/www/index.php(13): CApplication->run()
#12 {main}
REQUEST_URI=/index.php/message/delete/6
---
2014/09/04 00:53:53 [error] [exception.CHttpException.400] exception 'CHttpException' with message 'Your request is invalid.' in /home/egorvakh/projects/test/www/framework/web/CController.php:1118
Stack trace:
#0 /home/egorvakh/projects/test/www/framework/web/filters/CInlineFilter.php(58): CController->filterPostOnly(Object(CFilterChain))
#1 /home/egorvakh/projects/test/www/framework/web/filters/CFilterChain.php(130): CInlineFilter->filter(Object(CFilterChain))
#2 /home/egorvakh/projects/test/www/framework/web/filters/CFilter.php(40): CFilterChain->run()
#3 /home/egorvakh/projects/test/www/framework/web/CController.php(1145): CFilter->filter(Object(CFilterChain))
#4 /home/egorvakh/projects/test/www/framework/web/filters/CInlineFilter.php(58): CController->filterAccessControl(Object(CFilterChain))
#5 /home/egorvakh/projects/test/www/framework/web/filters/CFilterChain.php(130): CInlineFilter->filter(Object(CFilterChain))
#6 /home/egorvakh/projects/test/www/framework/web/CController.php(291): CFilterChain->run()
#7 /home/egorvakh/projects/test/www/framework/web/CController.php(265): CController->runActionWithFilters(Object(CInlineAction), Array)
#8 /home/egorvakh/projects/test/www/framework/web/CWebApplication.php(282): CController->run('delete')
#9 /home/egorvakh/projects/test/www/framework/web/CWebApplication.php(141): CWebApplication->runController('message/delete')
#10 /home/egorvakh/projects/test/www/framework/base/CApplication.php(180): CWebApplication->processRequest()
#11 /home/egorvakh/projects/test/www/index.php(13): CApplication->run()
#12 {main}
REQUEST_URI=/index.php/message/delete/6
---
2014/09/04 00:53:53 [error] [exception.CHttpException.400] exception 'CHttpException' with message 'Your request is invalid.' in /home/egorvakh/projects/test/www/framework/web/CController.php:1118
Stack trace:
#0 /home/egorvakh/projects/test/www/framework/web/filters/CInlineFilter.php(58): CController->filterPostOnly(Object(CFilterChain))
#1 /home/egorvakh/projects/test/www/framework/web/filters/CFilterChain.php(130): CInlineFilter->filter(Object(CFilterChain))
#2 /home/egorvakh/projects/test/www/framework/web/filters/CFilter.php(40): CFilterChain->run()
#3 /home/egorvakh/projects/test/www/framework/web/CController.php(1145): CFilter->filter(Object(CFilterChain))
#4 /home/egorvakh/projects/test/www/framework/web/filters/CInlineFilter.php(58): CController->filterAccessControl(Object(CFilterChain))
#5 /home/egorvakh/projects/test/www/framework/web/filters/CFilterChain.php(130): CInlineFilter->filter(Object(CFilterChain))
#6 /home/egorvakh/projects/test/www/framework/web/CController.php(291): CFilterChain->run()
#7 /home/egorvakh/projects/test/www/framework/web/CController.php(265): CController->runActionWithFilters(Object(CInlineAction), Array)
#8 /home/egorvakh/projects/test/www/framework/web/CWebApplication.php(282): CController->run('delete')
#9 /home/egorvakh/projects/test/www/framework/web/CWebApplication.php(141): CWebApplication->runController('message/delete')
#10 /home/egorvakh/projects/test/www/framework/base/CApplication.php(180): CWebApplication->processRequest()
#11 /home/egorvakh/projects/test/www/index.php(13): CApplication->run()
#12 {main}
REQUEST_URI=/index.php/message/delete/6
---
2014/09/04 00:53:58 [error] [exception.CHttpException.400] exception 'CHttpException' with message 'Your request is invalid.' in /home/egorvakh/projects/test/www/framework/web/CController.php:1118
Stack trace:
#0 /home/egorvakh/projects/test/www/framework/web/filters/CInlineFilter.php(58): CController->filterPostOnly(Object(CFilterChain))
#1 /home/egorvakh/projects/test/www/framework/web/filters/CFilterChain.php(130): CInlineFilter->filter(Object(CFilterChain))
#2 /home/egorvakh/projects/test/www/framework/web/filters/CFilter.php(40): CFilterChain->run()
#3 /home/egorvakh/projects/test/www/framework/web/CController.php(1145): CFilter->filter(Object(CFilterChain))
#4 /home/egorvakh/projects/test/www/framework/web/filters/CInlineFilter.php(58): CController->filterAccessControl(Object(CFilterChain))
#5 /home/egorvakh/projects/test/www/framework/web/filters/CFilterChain.php(130): CInlineFilter->filter(Object(CFilterChain))
#6 /home/egorvakh/projects/test/www/framework/web/CController.php(291): CFilterChain->run()
#7 /home/egorvakh/projects/test/www/framework/web/CController.php(265): CController->runActionWithFilters(Object(CInlineAction), Array)
#8 /home/egorvakh/projects/test/www/framework/web/CWebApplication.php(282): CController->run('delete')
#9 /home/egorvakh/projects/test/www/framework/web/CWebApplication.php(141): CWebApplication->runController('message/delete')
#10 /home/egorvakh/projects/test/www/framework/base/CApplication.php(180): CWebApplication->processRequest()
#11 /home/egorvakh/projects/test/www/index.php(13): CApplication->run()
#12 {main}
REQUEST_URI=/message/delete/6
---
2014/09/04 00:54:00 [error] [exception.CHttpException.400] exception 'CHttpException' with message 'Your request is invalid.' in /home/egorvakh/projects/test/www/framework/web/CController.php:1118
Stack trace:
#0 /home/egorvakh/projects/test/www/framework/web/filters/CInlineFilter.php(58): CController->filterPostOnly(Object(CFilterChain))
#1 /home/egorvakh/projects/test/www/framework/web/filters/CFilterChain.php(130): CInlineFilter->filter(Object(CFilterChain))
#2 /home/egorvakh/projects/test/www/framework/web/filters/CFilter.php(40): CFilterChain->run()
#3 /home/egorvakh/projects/test/www/framework/web/CController.php(1145): CFilter->filter(Object(CFilterChain))
#4 /home/egorvakh/projects/test/www/framework/web/filters/CInlineFilter.php(58): CController->filterAccessControl(Object(CFilterChain))
#5 /home/egorvakh/projects/test/www/framework/web/filters/CFilterChain.php(130): CInlineFilter->filter(Object(CFilterChain))
#6 /home/egorvakh/projects/test/www/framework/web/CController.php(291): CFilterChain->run()
#7 /home/egorvakh/projects/test/www/framework/web/CController.php(265): CController->runActionWithFilters(Object(CInlineAction), Array)
#8 /home/egorvakh/projects/test/www/framework/web/CWebApplication.php(282): CController->run('delete')
#9 /home/egorvakh/projects/test/www/framework/web/CWebApplication.php(141): CWebApplication->runController('message/delete')
#10 /home/egorvakh/projects/test/www/framework/base/CApplication.php(180): CWebApplication->processRequest()
#11 /home/egorvakh/projects/test/www/index.php(13): CApplication->run()
#12 {main}
REQUEST_URI=/message/delete/6
---
2014/09/04 00:54:13 [error] [exception.CHttpException.400] exception 'CHttpException' with message 'Your request is invalid.' in /home/egorvakh/projects/test/www/framework/web/CController.php:1118
Stack trace:
#0 /home/egorvakh/projects/test/www/framework/web/filters/CInlineFilter.php(58): CController->filterPostOnly(Object(CFilterChain))
#1 /home/egorvakh/projects/test/www/framework/web/filters/CFilterChain.php(130): CInlineFilter->filter(Object(CFilterChain))
#2 /home/egorvakh/projects/test/www/framework/web/filters/CFilter.php(40): CFilterChain->run()
#3 /home/egorvakh/projects/test/www/framework/web/CController.php(1145): CFilter->filter(Object(CFilterChain))
#4 /home/egorvakh/projects/test/www/framework/web/filters/CInlineFilter.php(58): CController->filterAccessControl(Object(CFilterChain))
#5 /home/egorvakh/projects/test/www/framework/web/filters/CFilterChain.php(130): CInlineFilter->filter(Object(CFilterChain))
#6 /home/egorvakh/projects/test/www/framework/web/CController.php(291): CFilterChain->run()
#7 /home/egorvakh/projects/test/www/framework/web/CController.php(265): CController->runActionWithFilters(Object(CInlineAction), Array)
#8 /home/egorvakh/projects/test/www/framework/web/CWebApplication.php(282): CController->run('delete')
#9 /home/egorvakh/projects/test/www/framework/web/CWebApplication.php(141): CWebApplication->runController('message/delete')
#10 /home/egorvakh/projects/test/www/framework/base/CApplication.php(180): CWebApplication->processRequest()
#11 /home/egorvakh/projects/test/www/index.php(13): CApplication->run()
#12 {main}
REQUEST_URI=/index.php/message/delete/6
---
2014/09/04 02:48:32 [error] [exception.CException] exception 'CException' with message 'MessageController cannot find the requested view "create".' in /home/egorvakh/projects/test/www/framework/web/CController.php:878
Stack trace:
#0 /home/egorvakh/projects/test/www/framework/web/CController.php(782): CController->renderPartial('create', Array, true)
#1 /home/egorvakh/projects/test/www/protected/controllers/MessageController.php(33): CController->render('create', Array)
#2 /home/egorvakh/projects/test/www/framework/web/actions/CInlineAction.php(49): MessageController->actionCreate()
#3 /home/egorvakh/projects/test/www/framework/web/CController.php(308): CInlineAction->runWithParams(Array)
#4 /home/egorvakh/projects/test/www/framework/web/CController.php(286): CController->runAction(Object(CInlineAction))
#5 /home/egorvakh/projects/test/www/framework/web/CController.php(265): CController->runActionWithFilters(Object(CInlineAction), Array)
#6 /home/egorvakh/projects/test/www/framework/web/CWebApplication.php(282): CController->run('create')
#7 /home/egorvakh/projects/test/www/framework/web/CWebApplication.php(141): CWebApplication->runController('message/create')
#8 /home/egorvakh/projects/test/www/framework/base/CApplication.php(180): CWebApplication->processRequest()
#9 /home/egorvakh/projects/test/www/index.php(13): CApplication->run()
#10 {main}
REQUEST_URI=/message/create
HTTP_REFERER=http://test.dev/
---
2014/09/04 02:48:36 [error] [exception.CException] exception 'CException' with message 'MessageController cannot find the requested view "create".' in /home/egorvakh/projects/test/www/framework/web/CController.php:878
Stack trace:
#0 /home/egorvakh/projects/test/www/framework/web/CController.php(782): CController->renderPartial('create', Array, true)
#1 /home/egorvakh/projects/test/www/protected/controllers/MessageController.php(33): CController->render('create', Array)
#2 /home/egorvakh/projects/test/www/framework/web/actions/CInlineAction.php(49): MessageController->actionCreate()
#3 /home/egorvakh/projects/test/www/framework/web/CController.php(308): CInlineAction->runWithParams(Array)
#4 /home/egorvakh/projects/test/www/framework/web/CController.php(286): CController->runAction(Object(CInlineAction))
#5 /home/egorvakh/projects/test/www/framework/web/CController.php(265): CController->runActionWithFilters(Object(CInlineAction), Array)
#6 /home/egorvakh/projects/test/www/framework/web/CWebApplication.php(282): CController->run('create')
#7 /home/egorvakh/projects/test/www/framework/web/CWebApplication.php(141): CWebApplication->runController('message/create')
#8 /home/egorvakh/projects/test/www/framework/base/CApplication.php(180): CWebApplication->processRequest()
#9 /home/egorvakh/projects/test/www/index.php(13): CApplication->run()
#10 {main}
REQUEST_URI=/message/create
---
